\BOOKMARK [0][-]{chapter.1}{\376\377\000A\000n\000a\000l\000y\000s\000i\000s\000\040\000o\000f\000\040\000S\000i\000n\000g\000l\000e\000-\000L\000e\000g\000g\000e\000d\000\040\000J\000u\000m\000p\000i\000n\000g\000\040\000M\000o\000t\000i\000o\000n\000\040\000B\000a\000s\000e\000d\000\040\000o\000n\000\040\0003\000D\000\040\000T\000i\000m\000e\000-\000S\000e\000r\000i\000e\000s\000\040\000P\000o\000s\000e\000\040\000D\000a\000t\000a}{}% 1
\BOOKMARK [1][-]{section.1.1}{\376\377\000S\000e\000n\000s\000o\000r\000i\000m\000o\000t\000o\000r\000\040\000P\000e\000r\000f\000o\000r\000m\000a\000n\000c\000e\000\040\000I\000n\000d\000i\000c\000t\000o\000r\000s}{chapter.1}% 2
\BOOKMARK [2][-]{subsection.1.1.1}{\376\377\000G\000r\000o\000u\000n\000d\000\040\000R\000e\000a\000c\000t\000i\000o\000n\000\040\000F\000o\000r\000c\000e\000s}{section.1.1}% 3
\BOOKMARK [2][-]{subsection.1.1.2}{\376\377\000P\000o\000s\000e\000\040\000C\000h\000a\000r\000a\000c\000t\000e\000r\000i\000s\000t\000i\000c\000s}{section.1.1}% 4
\BOOKMARK [1][-]{section.1.2}{\376\377\000S\000u\000b\000s\000p\000a\000c\000e\000\040\000B\000a\000s\000e\000d\000\040\000C\000l\000a\000s\000s\000i\000f\000i\000c\000a\000t\000i\000o\000n}{chapter.1}% 5
\BOOKMARK [2][-]{subsection.1.2.1}{\376\377\000S\000h\000a\000p\000e\000\040\000S\000u\000b\000s\000p\000a\000c\000e}{section.1.2}% 6
\BOOKMARK [2][-]{subsection.1.2.2}{\376\377\000S\000u\000b\000s\000p\000a\000c\000e\000\040\000M\000e\000t\000h\000o\000d}{section.1.2}% 7
\BOOKMARK [2][-]{subsection.1.2.3}{\376\377\000M\000u\000t\000u\000a\000l\000\040\000S\000u\000b\000s\000p\000a\000c\000e\000\040\000M\000e\000t\000h\000o\000d}{section.1.2}% 8
\BOOKMARK [2][-]{subsection.1.2.4}{\376\377\000G\000r\000a\000s\000s\000m\000a\000n\000n\000\040\000D\000i\000s\000c\000r\000i\000m\000i\000n\000a\000n\000t\000\040\000A\000n\000a\000l\000y\000s\000i\000s}{section.1.2}% 9
\BOOKMARK [2][-]{subsection.1.2.5}{\376\377\000L\000i\000n\000e\000a\000r\000\040\000D\000i\000s\000c\000r\000i\000m\000i\000n\000a\000n\000t\000\040\000A\000n\000a\000l\000y\000s\000i\000s}{section.1.2}% 10
\BOOKMARK [2][-]{subsection.1.2.6}{\376\377\000G\000r\000a\000s\000s\000m\000a\000n\000n\000\040\000M\000a\000n\000i\000f\000o\000l\000d}{section.1.2}% 11
\BOOKMARK [1][-]{section.1.3}{\376\377\000P\000r\000o\000p\000o\000s\000e\000d\000\040\000M\000e\000t\000h\000o\000d}{chapter.1}% 12
\BOOKMARK [1][-]{section.1.4}{\376\377\000E\000x\000p\000e\000r\000i\000m\000e\000n\000t\000s}{chapter.1}% 13
\BOOKMARK [1][-]{section.1.5}{\376\377\000D\000a\000t\000a\000s\000e\000t}{chapter.1}% 14
\BOOKMARK [1][-]{section.1.6}{\376\377\000E\000v\000a\000l\000u\000a\000t\000i\000o\000n\000\040\000M\000e\000t\000r\000i\000c\000s}{chapter.1}% 15
\BOOKMARK [2][-]{subsection.1.6.1}{\376\377\000A\000c\000c\000u\000r\000a\000c\000y}{section.1.6}% 16
\BOOKMARK [2][-]{subsection.1.6.2}{\376\377\000F\0001\000\040\000S\000c\000o\000r\000e}{section.1.6}% 17
\BOOKMARK [2][-]{subsection.1.6.3}{\376\377\000A\000r\000e\000a\000\040\000U\000n\000d\000e\000r\000\040\000t\000h\000e\000\040\000C\000u\000r\000v\000e}{section.1.6}% 18
\BOOKMARK [1][-]{section.1.7}{\376\377\000E\000x\000p\000e\000r\000i\000m\000e\000n\000t\000\040\0001\000.}{chapter.1}% 19
\BOOKMARK [2][-]{subsection.1.7.1}{\376\377\000E\000x\000p\000e\000r\000i\000m\000e\000n\000t\000\040\000s\000e\000t\000u\000p}{section.1.7}% 20
\BOOKMARK [2][-]{subsection.1.7.2}{\376\377\000R\000e\000s\000u\000l\000t\000s}{section.1.7}% 21
\BOOKMARK [2][-]{subsection.1.7.3}{}{section.1.7}% 22
\BOOKMARK [1][-]{section.1.8}{\376\377\000D\000i\000s\000c\000u\000s\000s\000i\000o\000n}{chapter.1}% 23
\BOOKMARK [0][-]{chapter.2}{\376\377\000D\000e\000v\000e\000l\000o\000p\000m\000e\000n\000t\000\040\000o\000f\000\040\000a\000n\000\040\000A\000n\000a\000l\000y\000s\000i\000s\000\040\000F\000r\000a\000m\000e\000w\000o\000r\000k\000\040\000f\000o\000r\000\040\000F\000e\000n\000c\000i\000n\000g\000\040\000B\000a\000s\000e\000d\000\040\000o\000n\000\040\0002\000D\000/\0003\000D\000\040\000T\000i\000m\000e\000-\000S\000e\000r\000i\000e\000s\000\040\000P\000o\000s\000e\000\040\000D\000a\000t\000a}{}% 24
\BOOKMARK [1][-]{section.2.1}{\376\377\000A\000n\000a\000l\000y\000t\000i\000c\000a\000l\000\040\000F\000r\000a\000m\000e\000w\000o\000r\000k\000s\000\040\000i\000n\000\040\000F\000e\000n\000c\000i\000n\000g}{chapter.2}% 25
\BOOKMARK [1][-]{section.2.2}{\376\377\000P\000r\000o\000p\000o\000s\000e\000d\000\040\000M\000e\000t\000h\000o\000d}{chapter.2}% 26
\BOOKMARK [2][-]{subsection.2.2.1}{\376\377\000G\000e\000n\000e\000r\000a\000t\000i\000o\000n\000\040\000o\000f\000\040\000p\000a\000n\000o\000r\000a\000m\000i\000c\000\040\000i\000m\000a\000g\000e\000s}{section.2.2}% 27
\BOOKMARK [2][-]{subsection.2.2.2}{\376\377\000e\000x\000t\000r\000a\000c\000t\000i\000o\000n\000\040\000o\000f\000\040\000p\000e\000r\000s\000o\000n\000\040\000r\000e\000g\000i\000o\000n}{section.2.2}% 28
\BOOKMARK [2][-]{subsection.2.2.3}{\376\377\000i\000n\000p\000a\000i\000n\000t\000i\000n\000g\000\040\000o\000f\000\040\000h\000u\000m\000a\000n\000\040\000a\000r\000e\000a}{section.2.2}% 29
\BOOKMARK [1][-]{section.2.3}{\376\377\000E\000x\000p\000e\000r\000i\000m\000e\000n\000t\000s}{chapter.2}% 30
\BOOKMARK [2][-]{subsection.2.3.1}{\376\377\000D\000a\000t\000a\000s\000e\000t}{section.2.3}% 31
\BOOKMARK [1][-]{section.2.4}{\376\377\000D\000i\000s\000c\000u\000s\000s\000i\000o\000n}{chapter.2}% 32
\BOOKMARK [1][-]{section.2.5}{\376\377\000R\000e\000s\000u\000l\000t\000s\000\040\000a\000n\000d\000\040\000D\000i\000s\000c\000u\000s\000s\000i\000o\000n}{chapter.2}% 33
\BOOKMARK [2][-]{subsection.2.5.1}{\376\377\000G\000e\000n\000e\000r\000a\000t\000i\000o\000n\000\040\000o\000f\000\040\000p\000a\000n\000o\000r\000a\000m\000i\000c\000\040\000i\000m\000a\000g\000e\000s}{section.2.5}% 34
\BOOKMARK [2][-]{subsection.2.5.2}{\376\377\000c\000l\000u\000s\000t\000e\000r\000i\000n\000g\000,\000\040\000v\000i\000s\000u\000a\000l\000i\000z\000a\000t\000i\000o\000n}{section.2.5}% 35
\BOOKMARK [1][-]{section.2.6}{\376\377\000c\000o\000n\000c\000l\000u\000s\000i\000o\000n}{chapter.2}% 36
\BOOKMARK [0][-]{chapter.3}{\376\377\000C\000o\000n\000c\000l\000u\000s\000i\000o\000n}{}% 37
\BOOKMARK [0][-]{section*.8}{\376\377\000A\000p\000p\000e\000n\000d\000i\000c\000e\000s}{}% 38
\BOOKMARK [0][-]{appendix*.9}{\376\377\000A\000c\000k\000n\000o\000w\000l\000e\000d\000g\000e\000m\000e\000n\000t\000s}{}% 39
\BOOKMARK [0][-]{appendix*.9}{\376\377\000R\000e\000f\000e\000r\000e\000n\000c\000e\000s}{}% 40
