This is LuaTeX, Version 1.10.0 (TeX Live 2019/Debian)  (format=lualatex 2021.1.26)  1 FEB 2021 23:01
 restricted system commands enabled.
 file:line:error style messages enabled.
**/home/me/github/BS-thesis/main.tex
(/home/me/github/BS-thesis/main.tex
LaTeX2e <2020-02-02> patch level 2
Lua module: luaotfload-main 2020-02-02 3.12 luaotfload entry point
Lua module: luaotfload-init 2020-02-02 3.12 luaotfload submodule / initialization
Lua module: lualibs 2020-02-02 2.70 ConTeXt Lua standard libraries.
Lua module: lualibs-extended 2020-02-02 2.70 ConTeXt Lua libraries -- extended collection.
Lua module: luaotfload-log 2020-02-02 3.12 luaotfload submodule / logging
Lua module: luaotfload-parsers 2020-02-02 3.12 luaotfload submodule / filelist
Lua module: luaotfload-configuration 2020-02-02 3.12 luaotfload submodule / config file reader
luaotfload | conf : Root cache directory is /home/me/.texlive2019/texmf-var/luatex-cache/generic-dev/names.
luaotfload | init : Loading fontloader “fontloader-2020-01-26.lua” from kpse-resolved path “/usr/share/texlive/texmf-dist/tex/luatex/luaotfload/fontloader-2020-01-26.lua”.
Lua-only attribute luaotfload@state = 2
Lua-only attribute luaotfload@noligature = 3
Lua-only attribute luaotfload@syllabe = 4
luaotfload | init : Context OpenType loader version “3.11”
Inserting `luaotfload.node_processor' at position 1 in `pre_linebreak_filter'.
Inserting `luaotfload.node_processor' at position 1 in `hpack_filter'.
Lua module: luaotfload-loaders 2020-02-02 3.12 luaotfload submodule / callback handling
Inserting `luaotfload.define_font' at position 1 in `define_font'.
Lua module: luaotfload-database 2020-02-02 3.12 luaotfload submodule / database
Lua module: luaotfload-unicode 2020-02-02 3.12 luaotfload submodule / Unicode helpers
Lua module: luaotfload-colors 2020-02-02 3.12 luaotfload submodule / color
Lua-only attribute luaotfload_color_attribute = 5
Lua module: luaotfload-resolvers 2020-02-02 3.12 luaotfload submodule / resolvers
luaotfload | conf : Root cache directory is /home/me/.texlive2019/texmf-var/luatex-cache/generic-dev/names.
Lua module: luaotfload-features 2020-02-02 3.12 luaotfload submodule / features
Lua module: luaotfload-letterspace 2020-02-02 3.12 luaotfload submodule / color
Lua module: luaotfload-embolden 2020-02-02 3.12 luaotfload submodule / color
Lua module: luaotfload-notdef 2020-02-02 3.12 luaotfload submodule / color
Lua module: luaotfload-auxiliary 2020-02-02 3.12 luaotfload submodule / auxiliary functions
Inserting `luaotfload.aux.set_sscale_dimens' at position 1 in `luaotfload.patch_font'.
Inserting `luaotfload.aux.set_font_index' at position 2 in `luaotfload.patch_font'.
Inserting `luaotfload.aux.patch_cambria_domh' at position 3 in `luaotfload.patch_font'.
Inserting `luaotfload.aux.fixup_fontdata' at position 1 in `luaotfload.patch_font_unsafe'.
Inserting `luaotfload.aux.set_capheight' at position 4 in `luaotfload.patch_font'.
Inserting `luaotfload.aux.set_xheight' at position 5 in `luaotfload.patch_font'.
Lua module: luaotfload-fallback 2020-02-02 3.12 luaotfload submodule / fallback
Lua module: luaotfload-multiscript 2020-02-02 3.12 luaotfload submodule / multiscript
Lua module: luaotfload-script 2020-02-02 3.12 luaotfload submodule / Script helpers
Lua module: luaotfload-tounicode 2020-02-02 3.12 luaotfload submodule / tounicode
Inserting `luaotfload.rewrite_fontname' at position 6 in `luaotfload.patch_font'. L3 programming layer <2020-02-14> (/usr/share/texlive/texmf-dist/tex/latex/base/report.cls
Document Class: report 2019/12/20 v1.4l Standard LaTeX document class
(/usr/share/texlive/texmf-dist/tex/latex/base/size11.clo
File: size11.clo 2019/12/20 v1.4l Standard LaTeX file (size option)
luaotfload | db : Font names database loaded from /home/me/.texlive2019/texmf-var/luatex-cache/generic-dev/names/luaotfload-names.luc)
\c@part=\count163
\c@chapter=\count164
\c@section=\count165
\c@subsection=\count166
\c@subsubsection=\count167
\c@paragraph=\count168
\c@subparagraph=\count169
\c@figure=\count170
\c@table=\count171
\abovecaptionskip=\skip47
\belowcaptionskip=\skip48
\bibindent=\dimen134
) (/usr/share/texlive/texmf-dist/tex/luatex/luatexja/addons/luatexja-fontspec.sty
Package: luatexja-fontspec 2019/09/26 fontspec support of LuaTeX-ja
 (/usr/share/texlive/texmf-dist/tex/latex/l3packages/l3keys2e/l3keys2e.sty (/usr/share/texlive/texmf-dist/tex/latex/l3kernel/expl3.sty
Package: expl3 2020-02-14 L3 programming layer (loader) 
 (/usr/share/texlive/texmf-dist/tex/latex/l3backend/l3backend-pdfmode.def
File: l3backend-pdfmode.def 2020-02-03 L3 backend support: PDF mode
\l__kernel_color_stack_int=\count172
\l__pdf_internal_box=\box45
))
Package: l3keys2e 2020-02-14 LaTeX2e option processing using LaTeX3 keys
) (/usr/share/texlive/texmf-dist/tex/luatex/luatexja/luatexja.sty
Package: luatexja 2020/01/27 Japanese Typesetting with Lua(La)TeX
 (/usr/share/texlive/texmf-dist/tex/luatex/luatexja/luatexja-core.sty
Package: luatexja-core 2017/11/12 Core of LuaTeX-ja
 (/usr/share/texlive/texmf-dist/tex/luatex/luatexbase/luatexbase.sty
Package: luatexbase 2015/10/04 v1.3 luatexbase interface to LuaTeX 
 (/usr/share/texlive/texmf-dist/tex/luatex/ctablestack/ctablestack.sty
Package: ctablestack 2015/10/01 v1.0 Catcode table stable support
\@catcodetablestackcnt=\count173
)
\CatcodeTableOther=\catcodetable5
\CatcodeTableExpl=\catcodetable6
) (/usr/share/texlive/texmf-dist/tex/generic/ltxcmds/ltxcmds.sty
Package: ltxcmds 2019/12/15 v1.24 LaTeX kernel commands for general use (HO)
) (/usr/share/texlive/texmf-dist/tex/latex/pdftexcmds/pdftexcmds.sty
Package: pdftexcmds 2019/11/24 v0.31 Utility functions of pdfTeX for LuaTeX (HO)
 (/usr/share/texlive/texmf-dist/tex/generic/infwarerr/infwarerr.sty
Package: infwarerr 2019/12/03 v1.5 Providing info/warning/error messages (HO)
) (/usr/share/texlive/texmf-dist/tex/generic/iftex/iftex.sty
Package: iftex 2019/11/07 v1.0c TeX engine tests
)
Package pdftexcmds Info: \pdf@primitive is available.
Package pdftexcmds Info: \pdf@ifprimitive is available.
Package pdftexcmds Info: \pdfdraftmode found.
\pdftexcmds@toks=\toks14
) (/usr/share/texlive/texmf-dist/tex/latex/xkeyval/xkeyval.sty
Package: xkeyval 2014/12/03 v2.7a package option processing (HA)
 (/usr/share/texlive/texmf-dist/tex/generic/xkeyval/xkeyval.tex (/usr/share/texlive/texmf-dist/tex/generic/xkeyval/xkvutils.tex
\XKV@toks=\toks15
\XKV@tempa@toks=\toks16
 (/usr/share/texlive/texmf-dist/tex/generic/xkeyval/keyval.tex))
\XKV@depth=\count174
File: xkeyval.tex 2014/12/03 v2.7a key=value parser (HA)
)) (/usr/share/texlive/texmf-dist/tex/generic/atbegshi/atbegshi.sty
Package: atbegshi 2019/12/05 v1.19 At begin shipout hook (HO)
) (/usr/share/texlive/texmf-dist/tex/latex/etoolbox/etoolbox.sty
Package: etoolbox 2019/09/21 v2.5h e-TeX tools for LaTeX (JAW)
\etb@tempcnta=\count175
)
\AtBeginShipoutBox=\box46
 (/usr/share/texlive/texmf-dist/tex/latex/everyhook/everyhook.sty (/usr/share/texlive/texmf-dist/tex/latex/svn-prov/svn-prov.sty
Package: svn-prov 2010/04/24 v3.1862 Package Date/Version from SVN Keywords
)
Package: everyhook 2014/11/26 v1.2 (SVN Rev: 12)\ Hooks for low level TeX everyX primitives.
\everypar=\toks17
\frozen@everymath=\toks18
\frozen@everydisplay=\toks19
\everyhbox=\toks20
\everyvbox=\toks21
\everycr=\toks22
)
\ltjlineendcomment=\count176
\ltj@dimen@zw=\dimen135
\ltj@dimen@zh=\dimen136
\ltj@dimen@jQ=\dimen137
\ltj@icflag=\attribute6
\ltj@curjfnt=\attribute7
\ltj@curtfnt=\attribute8
\ltj@charclass=\attribute9
\ltj@charcode=\attribute10
\ltj@autospc=\attribute11
\ltj@autoxspc=\attribute12
\ltj@yablshift=\attribute13
\ltj@ykblshift=\attribute14
\ltj@tablshift=\attribute15
\ltj@tkblshift=\attribute16
\jfam=\attribute17
\ltj@vert@ori=\attribute18
\ltj@dir=\attribute19
\ltj@@japanese=\language2
\ltj@tempcnta=\count177
\ltj@kcat0=\attribute20
\ltj@kcat1=\attribute21
\ltj@kcat2=\attribute22
\ltj@kcat3=\attribute23
\ltj@kcat4=\attribute24
\ltj@kcat5=\attribute25
\ltj@kcat6=\attribute26
Custom whatsit inhibitglue = 1
Custom whatsit stack_marker = 2
Custom whatsit begin_par = 3
Custom whatsit direction = 4
Custom whatsit box_boundary = 5
Custom whatsit ja_al_boundary = 6(load cache: /home/me/.texlive2019/texmf-var/luatexja/ltj-cid-auto-adobe-japan1.luc)
Lua module: luatexja.charrange 2019/09/26 Handling the range of Japanese characters
Lua module: luatexja.stack 2019/09/26 LuaTeX-ja stack system
Inserting `ltj.create_dir_whatsit' at position 2 in `hpack_filter'.
Inserting `ltj.create_dir_whatsit' at position 1 in `post_linebreak_filter'.
Inserting `ltj.direction' at position 1 in `vpack_filter'.
Inserting `ltj.direction' at position 1 in `pre_output_filter'.
Inserting `ltj.lineskip' at position 2 in `post_linebreak_filter'.
Inserting `ltj.lineskip' at position 1 in `append_to_vlist_filter'.
Lua module: luatexja.jfont 2019/09/26 Loader for Japanese fonts
Removing  `luaotfload.define_font' from `define_font'.
Inserting `luatexja.font_callback' at position 1 in `define_font'.
Removing  `luaotfload.aux.set_sscale_dimens' from `luaotfload.patch_font'.
Removing  `luaotfload.aux.set_font_index' from `luaotfload.patch_font'.
Removing  `luaotfload.aux.patch_cambria_domh' from `luaotfload.patch_font'.
Removing  `luaotfload.aux.set_capheight' from `luaotfload.patch_font'.
Removing  `luaotfload.aux.set_xheight' from `luaotfload.patch_font'.
Removing  `luaotfload.rewrite_fontname' from `luaotfload.patch_font'.
Inserting `ltj.prepare_extra_data' at position 1 in `luaotfload.patch_font'.
Inserting `luaotfload.aux.set_sscale_dimens' at position 2 in `luaotfload.patch_font'.
Inserting `luaotfload.aux.set_font_index' at position 3 in `luaotfload.patch_font'.
Inserting `luaotfload.aux.patch_cambria_domh' at position 4 in `luaotfload.patch_font'.
Inserting `luaotfload.aux.set_capheight' at position 5 in `luaotfload.patch_font'.
Inserting `luaotfload.aux.set_xheight' at position 6 in `luaotfload.patch_font'.
Inserting `luaotfload.rewrite_fontname' at position 7 in `luaotfload.patch_font'.
Inserting `ltj.prepare_extra_data' at position 1 in `luatexja.define_font'.
Inserting `ltj.get_vert_form' at position 1 in `luatexja.define_jfont'.
Removing  `ltj.prepare_extra_data' from `luaotfload.patch_font'.
Removing  `luaotfload.aux.set_sscale_dimens' from `luaotfload.patch_font'.
Removing  `luaotfload.aux.set_font_index' from `luaotfload.patch_font'.
Removing  `luaotfload.aux.patch_cambria_domh' from `luaotfload.patch_font'.
Removing  `luaotfload.aux.set_capheight' from `luaotfload.patch_font'.
Removing  `luaotfload.aux.set_xheight' from `luaotfload.patch_font'.
Removing  `luaotfload.rewrite_fontname' from `luaotfload.patch_font'.
Inserting `ltj.supply_tounicode' at position 1 in `luaotfload.patch_font'.
Inserting `ltj.prepare_extra_data' at position 2 in `luaotfload.patch_font'.
Inserting `luaotfload.aux.set_sscale_dimens' at position 3 in `luaotfload.patch_font'.
Inserting `luaotfload.aux.set_font_index' at position 4 in `luaotfload.patch_font'.
Inserting `luaotfload.aux.patch_cambria_domh' at position 5 in `luaotfload.patch_font'.
Inserting `luaotfload.aux.set_capheight' at position 6 in `luaotfload.patch_font'.
Inserting `luaotfload.aux.set_xheight' at position 7 in `luaotfload.patch_font'.
Inserting `luaotfload.rewrite_fontname' at position 8 in `luaotfload.patch_font'.
Inserting `ltj.process_input_buffer' at position 1 in `process_input_buffer'.
Inserting `ltj.hyphenate' at position 1 in `hyphenate'.
Removing  `luaotfload.node_processor' from `hpack_filter'.
Removing  `ltj.create_dir_whatsit' from `hpack_filter'.
Inserting `ltj.set_stack_level' at position 1 in `hpack_filter'.
Inserting `luaotfload.node_processor' at position 2 in `hpack_filter'.
Inserting `ltj.create_dir_whatsit' at position 3 in `hpack_filter'.
Removing  `luaotfload.node_processor' from `pre_linebreak_filter'.
Inserting `ltj.set_stack_level' at position 1 in `pre_linebreak_filter'.
Inserting `luaotfload.node_processor' at position 2 in `pre_linebreak_filter'.
Lua module: luatexja.jfmglue 2020/01/23 Insertion process of JFM glues, [x]kanjiskip and others
Inserting `luatexja.beginpar.np_info' at position 1 in `luatexja.jfmglue.whatsit_getinfo'.
Inserting `luatexja.beginpar.np_info_after' at position 1 in `luatexja.jfmglue.whatsit_after'.
Inserting `ltj.mlist_to_hlist_pre' at position 1 in `pre_mlist_to_hlist_filter'.
Inserting `ltj.main' at position 3 in `pre_linebreak_filter'.
Removing  `ltj.create_dir_whatsit' from `hpack_filter'.
Inserting `ltj.main' at position 3 in `hpack_filter'.
Inserting `ltj.create_dir_whatsit' at position 4 in `hpack_filter'.
Removing  `ltj.set_stack_level' from `pre_linebreak_filter'.
Removing  `luaotfload.node_processor' from `pre_linebreak_filter'.
Removing  `ltj.main' from `pre_linebreak_filter'.
Inserting `ltj.adjust_icflag' at position 1 in `pre_linebreak_filter'.
Inserting `ltj.set_stack_level' at position 2 in `pre_linebreak_filter'.
Inserting `luaotfload.node_processor' at position 3 in `pre_linebreak_filter'.
Inserting `ltj.main' at position 4 in `pre_linebreak_filter'.
Removing  `ltj.set_stack_level' from `hpack_filter'.
Removing  `luaotfload.node_processor' from `hpack_filter'.
Removing  `ltj.main' from `hpack_filter'.
Removing  `ltj.create_dir_whatsit' from `hpack_filter'.
Inserting `ltj.adjust_icflag' at position 1 in `hpack_filter'.
Inserting `ltj.set_stack_level' at position 2 in `hpack_filter'.
Inserting `luaotfload.node_processor' at position 3 in `hpack_filter'.
Inserting `ltj.main' at position 4 in `hpack_filter'.
Inserting `ltj.create_dir_whatsit' at position 5 in `hpack_filter'. (/usr/share/texlive/texmf-dist/tex/luatex/luatexja/ltj-base.sty
Package: ltj-base 2017/05/05
\ltj@tempcntb=\count178
\ltj@tempcntc=\count179
\ltj@tempdima=\dimen138
\ltj@afbox=\box47
)
\ltj@@italic@inner=\luafunction1
\ltj@@jfont@inner=\luafunction2
\ltj@zw@inner=\luafunction3
\ltj@zh@inner=\luafunction4
\ltj@reset@globaldefs@inner=\luafunction5
\ltj@restore@globaldefs@inner=\luafunction6
\ltj@@ihb@inner=\luafunction7
\ltj@@fakeparbegin@inner=\luafunction8
\ltj@@fakeboxbdd@inner=\luafunction9
\ltj@@stack=\count180
\ltj@@group@level=\count181
\ltjsetkanjiskip@inner=\luafunction10
\ltjsetxkanjiskip@inner=\luafunction11
\ltj@alljachar@inner=\luafunction12
\ltj@@box@dirhook=\luafunction13
\ltj@@reset@badness@inner=\luafunction14
 (/usr/share/texlive/texmf-dist/tex/luatex/luatexja/ltj-latex.sty
Package: ltj-latex 2019/09/26 LaTeX support of LuaTeX-ja
 (/usr/share/texlive/texmf-dist/tex/luatex/luatexja/patches/lltjfont.sty
Package: lltjfont 2020/02/07 Patch to NFSS2 for LuaTeX-ja
 (/usr/share/texlive/texmf-dist/tex/latex/base/tuenc.def
File: tuenc.def 2020/02/11 v2.0o Standard LaTeX file
LaTeX Font Info:    Redeclaring font encoding TU on input line 82.
)
\Cht=\dimen139
\cht=\dimen140
\Cdp=\dimen141
\cdp=\dimen142
\Cwd=\dimen143
\cwd=\dimen144
\Cvs=\dimen145
\cvs=\dimen146
\Chs=\dimen147
\chs=\dimen148
\cHT=\dimen149
\dstrutbox=\box48
\tstrutbox=\box49
\zstrutbox=\box50
LaTeX Info: Redefining \strut on input line 67.
 (/usr/share/texlive/texmf-dist/tex/latex/ms/everysel.sty
Package: everysel 2011/10/28 v1.2 EverySelectfont Package (MS)
) ABD: EverySelectfont initializing macros
LaTeX Info: Redefining \selectfont on input line 317.
\ltj@@adjust@baseline@inner=\luafunction15
LaTeX Info: Redefining \fontencoding on input line 493.
LaTeX Info: Redefining \fontfamily on input line 538.
LaTeX Info: Redefining \fontseriesforce on input line 575.
LaTeX Info: Redefining \fontshapeforce on input line 578.
LaTeX Info: Redefining \fontseries on input line 642.
LaTeX Info: Redefining \fontshape on input line 646.
LaTeX Info: Redefining \normalfont on input line 675.
LaTeX Info: Redefining \bfseries on input line 697.
LaTeX Info: Redefining \mdseries on input line 716.
) (/usr/share/texlive/texmf-dist/tex/luatex/luatexja/patches/lltjdefs.sty
Package: lltjdefs 2020/02/07 Default font settings of LuaTeX-ja
LaTeX Font Info:    Font shape `JT3/mc/m/n' will be
(Font)              scaled to size 9.6222pt on input line 71.

(/usr/share/texlive/texmf-dist/tex/luatex/luatexja/jfm-ujisv.lua)
LaTeX Font Info:    Font shape `JY3/mc/m/n' will be
(Font)              scaled to size 9.6222pt on input line 71.
luaotfload | cache : Lookup cache loaded from /home/me/.texlive2019/texmf-var/luatex-cache/generic-dev/names/luaotfload-lookup-cache.luc.
(/usr/share/texlive/texmf-dist/tex/luatex/luatexja/jfm-ujis.lua)
\symmincho=\mathgroup4
LaTeX Font Info:    Overwriting symbol font `mincho' in version `bold'
(Font)                  JY3/mc/m/n --> JY3/gt/m/n on input line 81.
) (/usr/share/texlive/texmf-dist/tex/luatex/luatexja/patches/lltjcore.sty
Package: lltjcore 2019/09/26 Patch to LaTeX2e Kernel for LuaTeX-ja
\@tombowwidth=\dimen150
\@TL=\box51
\@Tl=\box52
\@TC=\box53
\@TR=\box54
\@Tr=\box55
\@BL=\box56
\@Bl=\box57
\@BC=\box58
\@BR=\box59
\@Br=\box60
\@CL=\box61
\@CR=\box62
\@bannertoken=\toks23
\@@paperheight=\dimen151
\@@paperwidth=\dimen152
\@@topmargin=\dimen153
LaTeX Info: Redefining \underline on input line 237.
LaTeX Info: Redefining \AtBeginDvi on input line 243.
) (/usr/share/texlive/texmf-dist/tex/latex/filehook/filehook.sty
Package: filehook 2020/02/03 v0.7 Hooks for input files
) (/usr/share/texlive/texmf-dist/tex/luatex/luatexja/patches/lltjp-geometry.sty
Package: lltjp-geometry 2018/01/19 Patch to geometry for LuaTeX-ja with vertical writing mode
 (/usr/share/texlive/texmf-dist/tex/generic/iftex/ifluatex.sty
Package: ifluatex 2019/10/25 v1.5 ifluatex legacy package. Use iftex instead.
)))
\ltj@temp@cctb=\catcodetable7
) (/usr/share/texlive/texmf-dist/tex/luatex/luatexja/luatexja-compat.sty
Package: luatexja-compat 2018/03/29 Compatibility with pTeX
(load cache: /home/me/.texlive2019/texmf-var/luatexja/ltj-jisx0208.luc)
\hour=\count182
\minute=\count183
))
LaTeX Font Info:    Font shape `JT3/mc/m/n' will be
(Font)              scaled to size 15.39551pt on input line 16.
LaTeX Font Info:    Font shape `JY3/mc/m/n' will be
(Font)              scaled to size 15.39551pt on input line 16.
 (/usr/share/texlive/texmf-dist/tex/latex/fontspec/fontspec.sty (/usr/share/texlive/texmf-dist/tex/latex/l3packages/xparse/xparse.sty
Package: xparse 2020-02-14 L3 Experimental document command parser
\l__xparse_current_arg_int=\count184
\g__xparse_grabber_int=\count185
\l__xparse_m_args_int=\count186
\l__xparse_v_nesting_int=\count187
)
Package: fontspec 2020/02/03 v2.7h Font selection for XeLaTeX and LuaLaTeX
Lua module: fontspec 2020/02/03 2.7h Font selection for XeLaTeX and LuaLaTeX (/usr/share/texlive/texmf-dist/tex/latex/fontspec/fontspec-luatex.sty
Package: fontspec-luatex 2020/02/03 v2.7h Font selection for XeLaTeX and LuaLaTeX
\l__fontspec_script_int=\count188
\l__fontspec_language_int=\count189
\l__fontspec_strnum_int=\count190
\l__fontspec_tmp_int=\count191
\l__fontspec_tmpa_int=\count192
\l__fontspec_tmpb_int=\count193
\l__fontspec_tmpc_int=\count194
\l__fontspec_em_int=\count195
\l__fontspec_emdef_int=\count196
\l__fontspec_strong_int=\count197
\l__fontspec_strongdef_int=\count198
\l__fontspec_tmpa_dim=\dimen154
\l__fontspec_tmpb_dim=\dimen155
\l__fontspec_tmpc_dim=\dimen156
 (/usr/share/texlive/texmf-dist/tex/latex/base/fontenc.sty
Package: fontenc 2020/02/11 v2.0o Standard LaTeX package
LaTeX Font Info:    Font shape `JY3/mc/m/n' will be
(Font)              scaled to size 9.6222pt on input line 112.
)
LaTeX Font Info:    Font shape `JT3/mc/m/n' will be
(Font)              scaled to size 10.53629pt on input line 479.
LaTeX Font Info:    Font shape `JY3/mc/m/n' will be
(Font)              scaled to size 10.53629pt on input line 479.
 (/usr/share/texlive/texmf-dist/tex/latex/fontspec/fontspec.cfg)
LaTeX Font Info:    Font shape `JT3/mc/b/n' in size <10.95> not available
(Font)              Font shape `JT3/gt/m/n' tried instead on input line 3907.
LaTeX Font Info:    Font shape `JT3/gt/m/n' will be
(Font)              scaled to size 10.53629pt on input line 3907.
LaTeX Font Info:    Font shape `JY3/mc/b/n' in size <10.95> not available
(Font)              Font shape `JY3/gt/m/n' tried instead on input line 3907.
LaTeX Font Info:    Font shape `JY3/gt/m/n' will be
(Font)              scaled to size 10.53629pt on input line 3907.
)) (/usr/share/texlive/texmf-dist/tex/luatex/luatexja/patches/lltjp-fontspec.sty) (/usr/share/texlive/texmf-dist/tex/luatex/luatexja/addons/luatexja-fontspec-27c.sty
Package: luatexja-fontspec-27c 2020/01/26 fontspec support of LuaTeX-ja
\g__ltj_fontspec_altnumber_int=\count199
)) (/usr/share/texlive/texmf-dist/tex/latex/amsfonts/amsfonts.sty
Package: amsfonts 2013/01/14 v3.01 Basic AMSFonts support
\@emptytoks=\toks24
\symAMSa=\mathgroup5
\symAMSb=\mathgroup6
LaTeX Font Info:    Redeclaring math symbol \hbar on input line 98.
LaTeX Font Info:    Overwriting math alphabet `\mathfrak' in version `bold'
(Font)                  U/euf/m/n --> U/euf/b/n on input line 106.
) (/usr/share/texlive/texmf-dist/tex/latex/algorithms/algorithm.sty
Package: algorithm 2009/08/24 v0.1 Document Style `algorithm' - floating environment
 (/usr/share/texlive/texmf-dist/tex/latex/float/float.sty
Package: float 2001/11/08 v1.3d Float enhancements (AL)
\c@float@type=\count266
\float@exts=\toks25
\float@box=\box63
\@float@everytoks=\toks26
\@floatcapt=\box64
) (/usr/share/texlive/texmf-dist/tex/latex/base/ifthen.sty
Package: ifthen 2014/09/29 v1.1c Standard LaTeX ifthen package (DPC)
)
\@float@every@algorithm=\toks27
\c@algorithm=\count267
) (/usr/share/texlive/texmf-dist/tex/latex/algorithms/algorithmic.sty
Package: algorithmic 2009/08/24 v0.1 Document Style `algorithmic'
\c@ALC@unique=\count268
\c@ALC@line=\count269
\c@ALC@rem=\count270
\c@ALC@depth=\count271
\ALC@tlm=\skip49
\algorithmicindent=\skip50
) (/usr/share/texlive/texmf-dist/tex/latex/amsmath/amsmath.sty
Package: amsmath 2020/01/20 v2.17e AMS math features
\@mathmargin=\skip51

For additional information on amsmath, use the `?' option.
(/usr/share/texlive/texmf-dist/tex/latex/amsmath/amstext.sty
Package: amstext 2000/06/29 v2.01 AMS text
 (/usr/share/texlive/texmf-dist/tex/latex/amsmath/amsgen.sty
File: amsgen.sty 1999/11/30 v2.0 generic functions
\@emptytoks=\toks28
\ex@=\dimen157
)) (/usr/share/texlive/texmf-dist/tex/latex/amsmath/amsbsy.sty
Package: amsbsy 1999/11/29 v1.2d Bold Symbols
\pmbraise@=\dimen158
) (/usr/share/texlive/texmf-dist/tex/latex/amsmath/amsopn.sty
Package: amsopn 2016/03/08 v2.02 operator names
)
\inf@bad=\count272
LaTeX Info: Redefining \frac on input line 227.
\uproot@=\count273
\leftroot@=\count274
LaTeX Info: Redefining \overline on input line 389.
\classnum@=\count275
\DOTSCASE@=\count276
LaTeX Info: Redefining \ldots on input line 486.
LaTeX Info: Redefining \dots on input line 489.
LaTeX Info: Redefining \cdots on input line 610.
\Mathstrutbox@=\box65
\strutbox@=\box66
\big@size=\dimen159
LaTeX Font Info:    Redeclaring font encoding OML on input line 733.
LaTeX Font Info:    Redeclaring font encoding OMS on input line 734.
\macc@depth=\count277
\c@MaxMatrixCols=\count278
\dotsspace@=\muskip16
\c@parentequation=\count279
\dspbrk@lvl=\count280
\tag@help=\toks29
\row@=\count281
\column@=\count282
\maxfields@=\count283
\andhelp@=\toks30
\eqnshift@=\dimen160
\alignsep@=\dimen161
\tagshift@=\dimen162
\tagwidth@=\dimen163
\totwidth@=\dimen164
\lineht@=\dimen165
\@envbody=\toks31
\multlinegap=\skip52
\multlinetaggap=\skip53
\mathdisplay@stack=\toks32
LaTeX Info: Redefining \[ on input line 2859.
LaTeX Info: Redefining \] on input line 2860.
) (/usr/share/texlive/texmf-dist/tex/latex/hyperref/hyperref.sty
Package: hyperref 2020/01/14 v7.00d Hypertext links for LaTeX
 (/usr/share/texlive/texmf-dist/tex/generic/kvsetkeys/kvsetkeys.sty
Package: kvsetkeys 2019/12/15 v1.18 Key value parser (HO)
) (/usr/share/texlive/texmf-dist/tex/generic/kvdefinekeys/kvdefinekeys.sty
Package: kvdefinekeys 2019-12-19 v1.6 Define keys (HO)
) (/usr/share/texlive/texmf-dist/tex/generic/pdfescape/pdfescape.sty
Package: pdfescape 2019/12/09 v1.15 Implements pdfTeX's escape features (HO)
) (/usr/share/texlive/texmf-dist/tex/latex/hycolor/hycolor.sty
Package: hycolor 2020-01-27 v1.10 Color options for hyperref/bookmark (HO)
) (/usr/share/texlive/texmf-dist/tex/latex/letltxmacro/letltxmacro.sty
Package: letltxmacro 2019/12/03 v1.6 Let assignment for LaTeX macros (HO)
) (/usr/share/texlive/texmf-dist/tex/latex/auxhook/auxhook.sty
Package: auxhook 2019-12-17 v1.6 Hooks for auxiliary files (HO)
) (/usr/share/texlive/texmf-dist/tex/latex/kvoptions/kvoptions.sty
Package: kvoptions 2019/11/29 v3.13 Key value format for package options (HO)
)
\@linkdim=\dimen166
\Hy@linkcounter=\count284
\Hy@pagecounter=\count285
 (/usr/share/texlive/texmf-dist/tex/latex/hyperref/pd1enc.def
File: pd1enc.def 2020/01/14 v7.00d Hyperref: PDFDocEncoding definition (HO)
) (/usr/share/texlive/texmf-dist/tex/generic/intcalc/intcalc.sty
Package: intcalc 2019/12/15 v1.3 Expandable calculations with integers (HO)
) (/usr/share/texlive/texmf-dist/tex/generic/etexcmds/etexcmds.sty
Package: etexcmds 2019/12/15 v1.7 Avoid name clashes with e-TeX commands (HO)
)
\Hy@SavedSpaceFactor=\count286
Package hyperref Info: Hyper figures OFF on input line 4547.
Package hyperref Info: Link nesting OFF on input line 4552.
Package hyperref Info: Hyper index ON on input line 4555.
Package hyperref Info: Plain pages OFF on input line 4562.
Package hyperref Info: Backreferencing OFF on input line 4567.
Package hyperref Info: Implicit mode ON; LaTeX internals redefined.
Package hyperref Info: Bookmarks ON on input line 4800.
\c@Hy@tempcnt=\count287
 (/usr/share/texlive/texmf-dist/tex/latex/url/url.sty
\Urlmuskip=\muskip17
Package: url 2013/09/16  ver 3.4  Verb mode for urls, etc.
)
LaTeX Info: Redefining \url on input line 5159.
\XeTeXLinkMargin=\dimen167
 (/usr/share/texlive/texmf-dist/tex/generic/bitset/bitset.sty
Package: bitset 2019/12/09 v1.3 Handle bit-vector datatype (HO)
 (/usr/share/texlive/texmf-dist/tex/generic/bigintcalc/bigintcalc.sty
Package: bigintcalc 2019/12/15 v1.5 Expandable calculations on big integers (HO)
))
\Fld@menulength=\count288
\Field@Width=\dimen168
\Fld@charsize=\dimen169
Package hyperref Info: Hyper figures OFF on input line 6430.
Package hyperref Info: Link nesting OFF on input line 6435.
Package hyperref Info: Hyper index ON on input line 6438.
Package hyperref Info: backreferencing OFF on input line 6445.
Package hyperref Info: Link coloring OFF on input line 6450.
Package hyperref Info: Link coloring with OCG OFF on input line 6455.
Package hyperref Info: PDF/A mode OFF on input line 6460.
LaTeX Info: Redefining \ref on input line 6500.
LaTeX Info: Redefining \pageref on input line 6504.
\Hy@abspage=\count289
\c@Item=\count290
\c@Hfootnote=\count291
)
Package hyperref Info: Driver (autodetected): hluatex.
 (/usr/share/texlive/texmf-dist/tex/latex/hyperref/hluatex.def
File: hluatex.def 2020/01/14 v7.00d Hyperref driver for luaTeX
 (/usr/share/texlive/texmf-dist/tex/latex/hyperref/puenc.def
File: puenc.def 2020/01/14 v7.00d Hyperref: PDF Unicode definition (HO)
) (/usr/share/texlive/texmf-dist/tex/generic/stringenc/stringenc.sty
Package: stringenc 2019/11/29 v1.12 Convert strings between diff. encodings (HO)
) (/usr/share/texlive/texmf-dist/tex/latex/atveryend/atveryend.sty
Package: atveryend 2019-12-11 v1.11 Hooks at the very end of document (HO)
)
\Fld@listcount=\count292
\c@bookmark@seq@number=\count293
 (/usr/share/texlive/texmf-dist/tex/latex/rerunfilecheck/rerunfilecheck.sty
Package: rerunfilecheck 2019/12/05 v1.9 Rerun checks for auxiliary files (HO)
 (/usr/share/texlive/texmf-dist/tex/generic/uniquecounter/uniquecounter.sty
Package: uniquecounter 2019/12/15 v1.4 Provide unlimited unique counter (HO)
)
Package uniquecounter Info: New unique counter `rerunfilecheck' on input line 286.
)
\Hy@SectionHShift=\skip54
) (/usr/share/texlive/texmf-dist/tex/generic/ulem/ulem.sty
\UL@box=\box67
\UL@hyphenbox=\box68
\UL@skip=\skip55
\UL@hook=\toks33
\UL@height=\dimen170
\UL@pe=\count294
\UL@pixel=\dimen171
\ULC@box=\box69
Package: ulem 2019/11/18
\ULdepth=\dimen172
) (/usr/share/texlive/texmf-dist/tex/latex/import/import.sty
Package: import 2009/03/23  v 5.1
) (/usr/share/texlive/texmf-dist/tex/latex/booktabs/booktabs.sty
Package: booktabs 2020/01/12 v1.61803398 Publication quality tables
\heavyrulewidth=\dimen173
\lightrulewidth=\dimen174
\cmidrulewidth=\dimen175
\belowrulesep=\dimen176
\belowbottomsep=\dimen177
\aboverulesep=\dimen178
\abovetopsep=\dimen179
\cmidrulesep=\dimen180
\cmidrulekern=\dimen181
\defaultaddspace=\dimen182
\@cmidla=\count295
\@cmidlb=\count296
\@aboverulesep=\dimen183
\@belowrulesep=\dimen184
\@thisruleclass=\count297
\@lastruleclass=\count298
\@thisrulewidth=\dimen185
) (/usr/share/texlive/texmf-dist/tex/latex/refcount/refcount.sty
Package: refcount 2019/12/15 v3.6 Data extraction from label references (HO)
) (/usr/share/texlive/texmf-dist/tex/latex/calrsfs/calrsfs.sty
\symrsfscript=\mathgroup7
) (/usr/share/texlive/texmf-dist/tex/latex/xcolor/xcolor.sty
Package: xcolor 2016/05/11 v2.12 LaTeX color extensions (UK)
 (/usr/share/texlive/texmf-dist/tex/latex/graphics-cfg/color.cfg
File: color.cfg 2016/01/02 v1.6 sample color configuration
)
Package xcolor Info: Driver file: luatex.def on input line 225.
 (/usr/share/texlive/texmf-dist/tex/latex/graphics-def/luatex.def
File: luatex.def 2018/01/08 v1.0l Graphics/color driver for luatex
)
Package xcolor Info: Model `cmy' substituted by `cmy0' on input line 1348.
Package xcolor Info: Model `hsb' substituted by `rgb' on input line 1352.
Package xcolor Info: Model `RGB' extended on input line 1364.
Package xcolor Info: Model `HTML' substituted by `rgb' on input line 1366.
Package xcolor Info: Model `Hsb' substituted by `hsb' on input line 1367.
Package xcolor Info: Model `tHsb' substituted by `hsb' on input line 1368.
Package xcolor Info: Model `HSB' substituted by `hsb' on input line 1369.
Package xcolor Info: Model `Gray' substituted by `gray' on input line 1370.
Package xcolor Info: Model `wave' substituted by `hsb' on input line 1371.
) (/usr/share/texlive/texmf-dist/tex/latex/graphics/graphicx.sty
Package: graphicx 2019/11/30 v1.2a Enhanced LaTeX Graphics (DPC,SPQR)
 (/usr/share/texlive/texmf-dist/tex/latex/graphics/graphics.sty
Package: graphics 2019/11/30 v1.4a Standard LaTeX Graphics (DPC,SPQR)
 (/usr/share/texlive/texmf-dist/tex/latex/graphics/trig.sty
Package: trig 2016/01/03 v1.10 sin cos tan (DPC)
) (/usr/share/texlive/texmf-dist/tex/latex/graphics-cfg/graphics.cfg
File: graphics.cfg 2016/06/04 v1.11 sample graphics configuration
)
Package graphics Info: Driver file: luatex.def on input line 105.
)
\Gin@req@height=\dimen186
\Gin@req@width=\dimen187
) (/usr/share/texlive/texmf-dist/tex/latex/subfig/subfig.sty
Package: subfig 2005/06/28 ver: 1.3 subfig package
 (/usr/share/texlive/texmf-dist/tex/latex/caption/caption.sty
Package: caption 2020/01/03 v3.4h Customizing captions (AR)
 (/usr/share/texlive/texmf-dist/tex/latex/caption/caption3.sty
Package: caption3 2020/01/03 v1.8h caption3 kernel (AR)
Package caption3 Info: TeX engine: e-TeX on input line 61.
\captionmargin=\dimen188
\captionmargin@=\dimen189
\captionwidth=\dimen190
\caption@tempdima=\dimen191
\caption@indent=\dimen192
\caption@parindent=\dimen193
\caption@hangindent=\dimen194
Package caption Info: Standard document class detected.
)
\c@caption@flags=\count299
\c@continuedfloat=\count300
Package caption Info: float package is loaded.
Package caption Info: hyperref package is loaded.
)
\c@KVtest=\count301
\sf@farskip=\skip56
\sf@captopadj=\dimen195
\sf@capskip=\skip57
\sf@nearskip=\skip58
\c@subfigure=\count302
\c@subfigure@save=\count303
\c@lofdepth=\count304
\c@subtable=\count305
\c@subtable@save=\count306
\c@lotdepth=\count307
\sf@top=\skip59
\sf@bottom=\skip60
) (/usr/share/texlive/texmf-dist/tex/latex/enumitem/enumitem.sty
Package: enumitem 2019/06/20 v3.9 Customized lists
\enitkv@toks@=\toks34
\labelindent=\skip61
\enit@outerparindent=\dimen196
\enit@toks=\toks35
\enit@inbox=\box70
\enit@count@id=\count308
\enitdp@description=\count309
) (/usr/share/texlive/texmf-dist/tex/latex/appendix/appendix.sty
Package: appendix 2020/02/08 v1.2c extra appendix facilities
\c@@pps=\count310
\c@@ppsavesec=\count311
\c@@ppsaveapp=\count312
) (/usr/share/texlive/texmf-dist/tex/latex/tools/multicol.sty
Package: multicol 2019/12/09 v1.8y multicolumn formatting (FMi)
\c@tracingmulticols=\count313
\mult@box=\box71
\multicol@leftmargin=\dimen197
\c@unbalance=\count314
\c@collectmore=\count315
\doublecol@number=\count316
\multicoltolerance=\count317
\multicolpretolerance=\count318
\full@width=\dimen198
\page@free=\dimen199
\premulticols=\dimen256
\postmulticols=\dimen257
\multicolsep=\skip62
\multicolbaselineskip=\skip63
\partial@page=\box72
\last@line=\box73
\maxbalancingoverflow=\dimen258
\mult@rightbox=\box74
\mult@grightbox=\box75
\mult@gfirstbox=\box76
\mult@firstbox=\box77
\@tempa=\box78
\@tempa=\box79
\@tempa=\box80
\@tempa=\box81
\@tempa=\box82
\@tempa=\box83
\@tempa=\box84
\@tempa=\box85
\@tempa=\box86
\@tempa=\box87
\@tempa=\box88
\@tempa=\box89
\@tempa=\box90
\@tempa=\box91
\@tempa=\box92
\@tempa=\box93
\@tempa=\box94
\@tempa=\box95
\@tempa=\box96
\@tempa=\box97
\@tempa=\box98
\@tempa=\box99
\@tempa=\box100
\@tempa=\box101
\@tempa=\box102
\@tempa=\box103
\@tempa=\box104
\@tempa=\box105
\@tempa=\box106
\@tempa=\box107
\@tempa=\box108
\@tempa=\box109
\@tempa=\box110
\@tempa=\box111
\@tempa=\box112
\@tempa=\box113
\@tempa=\box114
\c@minrows=\count319
\c@columnbadness=\count320
\c@finalcolumnbadness=\count321
\last@try=\dimen259
\multicolovershoot=\dimen260
\multicolundershoot=\dimen261
\mult@nat@firstbox=\box115
\colbreak@box=\box116
\mc@col@check@num=\count322
) (/usr/share/texlive/texmf-dist/tex/latex/newtx/newtxtext.sty
Package: newtxtext 2018/03/27 v1.531
 `newtxtext' v1.531, 2018/03/27 Text macros taking advantage of TeX-Gyre Termes fonts (msharpe) (/usr/share/texlive/texmf-dist/tex/latex/fontaxes/fontaxes.sty
Package: fontaxes 2014/03/23 v1.0d Font selection axes
LaTeX Info: Redefining \upshape on input line 29.
LaTeX Info: Redefining \itshape on input line 31.
LaTeX Info: Redefining \slshape on input line 33.
LaTeX Info: Redefining \swshape on input line 35.
LaTeX Info: Redefining \scshape on input line 37.
LaTeX Info: Redefining \sscshape on input line 39.
LaTeX Info: Redefining \ulcshape on input line 41.
LaTeX Info: Redefining \textsw on input line 47.
LaTeX Info: Redefining \textssc on input line 48.
LaTeX Info: Redefining \textulc on input line 49.
)
\ntx@fs=\dimen262
 (/usr/share/texlive/texmf-dist/tex/latex/base/fontenc.sty
Package: fontenc 2020/02/11 v2.0o Standard LaTeX package
LaTeX Font Info:    Trying loading font information for T1+ntxtlf on input line 112.
 (/usr/share/texlive/texmf-dist/tex/latex/newtx/t1ntxtlf.fd
File: t1ntxtlf.fd 2015/01/17 v1.0 font definition file for T1/ntx/tlf
)
LaTeX Font Info:    Font shape `T1/ntxtlf/m/n' will be
(Font)              scaled to size 10.95pt on input line 112.
) (/usr/share/texlive/texmf-dist/tex/latex/base/textcomp.sty
Package: textcomp 2020/02/02 v2.0n Standard LaTeX package
LaTeX Font Info:    Changing ? sub-encoding to TS1/0 on input line 75.
)
LaTeX Font Info:    Redeclaring math symbol \mathsterling on input line 234.
) (./coins-jp.sty
\vspacetitle=\dimen263
\vspaceabstract=\dimen264
) (./main.aux)
\openout1 = main.aux

LaTeX Font Info:    Checking defaults for OML/cmm/m/it on input line 94.
LaTeX Font Info:    ... okay on input line 94.
LaTeX Font Info:    Checking defaults for OMS/cmsy/m/n on input line 94.
LaTeX Font Info:    ... okay on input line 94.
LaTeX Font Info:    Checking defaults for OT1/cmr/m/n on input line 94.
LaTeX Font Info:    ... okay on input line 94.
LaTeX Font Info:    Checking defaults for T1/cmr/m/n on input line 94.
LaTeX Font Info:    ... okay on input line 94.
LaTeX Font Info:    Checking defaults for TS1/cmr/m/n on input line 94.
LaTeX Font Info:    Trying loading font information for TS1+cmr on input line 94.
 (/usr/share/texlive/texmf-dist/tex/latex/base/ts1cmr.fd
File: ts1cmr.fd 2019/12/16 v2.5j Standard LaTeX font definitions
)
LaTeX Font Info:    ... okay on input line 94.
LaTeX Font Info:    Checking defaults for TU/lmr/m/n on input line 94.
LaTeX Font Info:    ... okay on input line 94.
LaTeX Font Info:    Checking defaults for OMX/cmex/m/n on input line 94.
LaTeX Font Info:    ... okay on input line 94.
LaTeX Font Info:    Checking defaults for U/cmr/m/n on input line 94.
LaTeX Font Info:    ... okay on input line 94.
LaTeX Font Info:    Checking defaults for JY3/mc/m/n on input line 94.
LaTeX Font Info:    ... okay on input line 94.
LaTeX Font Info:    Checking defaults for JT3/mc/m/n on input line 94.
LaTeX Font Info:    ... okay on input line 94.
LaTeX Font Info:    Checking defaults for PD1/pdf/m/n on input line 94.
LaTeX Font Info:    ... okay on input line 94.
LaTeX Font Info:    Checking defaults for PU/pdf/m/n on input line 94.
LaTeX Font Info:    ... okay on input line 94.
 ABD: EverySelectfont initializing macros
LaTeX Info: Redefining \selectfont on input line 94.

Package fontspec Info: Adjusting the maths setup (use [no-math] to avoid
(fontspec)             this).

\symlegacymaths=\mathgroup8
LaTeX Font Info:    Overwriting symbol font `legacymaths' in version `bold'
(Font)                  OT1/cmr/m/n --> OT1/cmr/bx/n on input line 94.
LaTeX Font Info:    Redeclaring math accent \acute on input line 94.
LaTeX Font Info:    Redeclaring math accent \grave on input line 94.
LaTeX Font Info:    Redeclaring math accent \ddot on input line 94.
LaTeX Font Info:    Redeclaring math accent \tilde on input line 94.
LaTeX Font Info:    Redeclaring math accent \bar on input line 94.
LaTeX Font Info:    Redeclaring math accent \breve on input line 94.
LaTeX Font Info:    Redeclaring math accent \check on input line 94.
LaTeX Font Info:    Redeclaring math accent \hat on input line 94.
LaTeX Font Info:    Redeclaring math accent \dot on input line 94.
LaTeX Font Info:    Redeclaring math accent \mathring on input line 94.
LaTeX Font Info:    Redeclaring math symbol \Gamma on input line 94.
LaTeX Font Info:    Redeclaring math symbol \Delta on input line 94.
LaTeX Font Info:    Redeclaring math symbol \Theta on input line 94.
LaTeX Font Info:    Redeclaring math symbol \Lambda on input line 94.
LaTeX Font Info:    Redeclaring math symbol \Xi on input line 94.
LaTeX Font Info:    Redeclaring math symbol \Pi on input line 94.
LaTeX Font Info:    Redeclaring math symbol \Sigma on input line 94.
LaTeX Font Info:    Redeclaring math symbol \Upsilon on input line 94.
LaTeX Font Info:    Redeclaring math symbol \Phi on input line 94.
LaTeX Font Info:    Redeclaring math symbol \Psi on input line 94.
LaTeX Font Info:    Redeclaring math symbol \Omega on input line 94.
LaTeX Font Info:    Redeclaring math symbol \mathdollar on input line 94.
LaTeX Font Info:    Redeclaring symbol font `operators' on input line 94.
LaTeX Font Info:    Encoding `OT1' has changed to `TU' for symbol font
(Font)              `operators' in the math version `normal' on input line 94.
LaTeX Font Info:    Overwriting symbol font `operators' in version `normal'
(Font)                  OT1/cmr/m/n --> TU/ntxtlf/m/n on input line 94.
LaTeX Font Info:    Encoding `OT1' has changed to `TU' for symbol font
(Font)              `operators' in the math version `bold' on input line 94.
LaTeX Font Info:    Overwriting symbol font `operators' in version `bold'
(Font)                  OT1/cmr/bx/n --> TU/ntxtlf/m/n on input line 94.
LaTeX Font Info:    Overwriting symbol font `operators' in version `normal'
(Font)                  TU/ntxtlf/m/n --> TU/ntxtlf/m/n on input line 94.
LaTeX Font Info:    Overwriting math alphabet `\mathit' in version `normal'
(Font)                  OT1/cmr/m/it --> TU/ntxtlf/m/it on input line 94.
LaTeX Font Info:    Overwriting math alphabet `\mathbf' in version `normal'
(Font)                  OT1/cmr/bx/n --> TU/ntxtlf/b/n on input line 94.
LaTeX Font Info:    Overwriting math alphabet `\mathsf' in version `normal'
(Font)                  OT1/cmss/m/n --> TU/qhv/m/n on input line 94.
LaTeX Font Info:    Overwriting math alphabet `\mathtt' in version `normal'
(Font)                  OT1/cmtt/m/n --> TU/ntxtt/m/n on input line 94.
LaTeX Font Info:    Overwriting symbol font `operators' in version `bold'
(Font)                  TU/ntxtlf/m/n --> TU/ntxtlf/b/n on input line 94.
LaTeX Font Info:    Overwriting math alphabet `\mathit' in version `bold'
(Font)                  OT1/cmr/bx/it --> TU/ntxtlf/b/it on input line 94.
LaTeX Font Info:    Overwriting math alphabet `\mathsf' in version `bold'
(Font)                  OT1/cmss/bx/n --> TU/qhv/b/n on input line 94.
LaTeX Font Info:    Overwriting math alphabet `\mathtt' in version `bold'
(Font)                  OT1/cmtt/m/n --> TU/ntxtt/b/n on input line 94.
Package hyperref Info: Link coloring OFF on input line 94.
 (/usr/share/texlive/texmf-dist/tex/latex/hyperref/nameref.sty
Package: nameref 2019/09/16 v2.46 Cross-referencing by name of section
 (/usr/share/texlive/texmf-dist/tex/generic/gettitlestring/gettitlestring.sty
Package: gettitlestring 2019/12/15 v1.6 Cleanup title references (HO)
)
\c@section@level=\count323
)
LaTeX Info: Redefining \ref on input line 94.
LaTeX Info: Redefining \pageref on input line 94.
LaTeX Info: Redefining \nameref on input line 94.
\@outlinefile=\write3

\openout3 = main.out
 (/usr/share/texlive/texmf-dist/tex/context/base/mkii/supp-pdf.mkii
[Loading MPS to PDF converter (version 2006.09.02).]
\scratchcounter=\count324
\scratchdimen=\dimen265
\scratchbox=\box117
\nofMPsegments=\count325
\nofMParguments=\count326
\everyMPshowfont=\toks36
\MPscratchCnt=\count327
\MPscratchDim=\dimen266
\MPnumerator=\count328
\makeMPintoPDFobject=\count329
\everyMPtoPDFconversion=\toks37
) (/usr/share/texlive/texmf-dist/tex/latex/epstopdf-pkg/epstopdf-base.sty
Package: epstopdf-base 2020-01-24 v2.11 Base part for package epstopdf
Package epstopdf-base Info: Redefining graphics rule for `.eps' on input line 485.
 (/usr/share/texlive/texmf-dist/tex/latex/latexconfig/epstopdf-sys.cfg
File: epstopdf-sys.cfg 2010/07/13 v1.3 Configuration of (r)epstopdf for TeX Live
))
Package caption Info: Begin \AtBeginDocument code.
Package caption Info: subfig package v1.3 is loaded.
Package caption Info: End \AtBeginDocument code.
\c@mv@tabular=\count330
\c@mv@boldtabular=\count331
LaTeX Font Info:    Font shape `T1/ntxtlf/m/n' will be
(Font)              scaled to size 17.28pt on input line 96.
LaTeX Font Info:    Font shape `JT3/mc/m/n' will be
(Font)              scaled to size 16.62714pt on input line 96.
LaTeX Font Info:    Font shape `JY3/mc/m/n' will be
(Font)              scaled to size 16.62714pt on input line 96.
LaTeX Font Info:    Font shape `T1/ntxtlf/m/n' will be
(Font)              scaled to size 20.74pt on input line 96.
LaTeX Font Info:    Font shape `JT3/mc/m/n' will be
(Font)              scaled to size 19.95642pt on input line 96.
LaTeX Font Info:    Font shape `JY3/mc/m/n' will be
(Font)              scaled to size 19.95642pt on input line 96.
LaTeX Font Info:    Trying loading font information for TU+ntxtlf on input line 96.
LaTeX Font Info:    No file TUntxtlf.fd. on input line 96.


LaTeX Font Warning: Font shape `TU/ntxtlf/m/n' undefined
(Font)              using `TU/lmr/m/n' instead on input line 96.

LaTeX Font Info:    Font shape `JY3/mc/m/n' will be
(Font)              scaled to size 7.69775pt on input line 96.
LaTeX Font Info:    Font shape `JY3/mc/m/n' will be
(Font)              scaled to size 5.77332pt on input line 96.
LaTeX Font Info:    Trying loading font information for U+msa on input line 96.
(/usr/share/texlive/texmf-dist/tex/latex/amsfonts/umsa.fd
File: umsa.fd 2013/01/14 v3.01 AMS symbols A
)
LaTeX Font Info:    Trying loading font information for U+msb on input line 96.
 (/usr/share/texlive/texmf-dist/tex/latex/amsfonts/umsb.fd
File: umsb.fd 2013/01/14 v3.01 AMS symbols B
)
LaTeX Font Info:    Trying loading font information for OMS+rsfs on input line 96.
 (/usr/share/texlive/texmf-dist/tex/latex/calrsfs/OMSrsfs.fd)
Overfull \hbox (17.0pt too wide) in paragraph at lines 96--96
[][]$[]$[] 
 []


Overfull \vbox (11.36415pt too high) detected at line 96
 []

[-1

]
Overfull \vbox (0.38916pt too high) has occurred while \output is active []

 [0{/var/lib/texmf/fonts/map/pdftex/updmap/pdftex.map}]
LaTeX Font Info:    Font shape `T1/ntxtlf/m/n' will be
(Font)              scaled to size 14.4pt on input line 109.
LaTeX Font Info:    Font shape `JT3/mc/m/n' will be
(Font)              scaled to size 13.85594pt on input line 109.
LaTeX Font Info:    Font shape `JY3/mc/m/n' will be
(Font)              scaled to size 13.85594pt on input line 109.
LaTeX Font Info:    Font shape `T1/ntxtlf/b/n' will be
(Font)              scaled to size 14.4pt on input line 109.
LaTeX Font Info:    Font shape `JT3/mc/b/n' in size <14.4> not available
(Font)              Font shape `JT3/gt/m/n' tried instead on input line 109.
LaTeX Font Info:    Font shape `JT3/gt/m/n' will be
(Font)              scaled to size 13.85594pt on input line 109.
LaTeX Font Info:    Font shape `JY3/mc/b/n' in size <14.4> not available
(Font)              Font shape `JY3/gt/m/n' tried instead on input line 109.
LaTeX Font Info:    Font shape `JY3/gt/m/n' will be
(Font)              scaled to size 13.85594pt on input line 109.
 (./sections/0-abstract.tex) [1]
LaTeX Font Info:    Font shape `T1/ntxtlf/m/n' will be
(Font)              scaled to size 24.88pt on input line 122.
LaTeX Font Info:    Font shape `JT3/mc/m/n' will be
(Font)              scaled to size 23.94002pt on input line 122.
LaTeX Font Info:    Font shape `JY3/mc/m/n' will be
(Font)              scaled to size 23.94002pt on input line 122.
LaTeX Font Info:    Font shape `T1/ntxtlf/b/n' will be
(Font)              scaled to size 24.88pt on input line 122.
LaTeX Font Info:    Font shape `JT3/mc/b/n' in size <24.88> not available
(Font)              Font shape `JT3/gt/m/n' tried instead on input line 122.
LaTeX Font Info:    Font shape `JT3/gt/m/n' will be
(Font)              scaled to size 23.94002pt on input line 122.
LaTeX Font Info:    Font shape `JY3/mc/b/n' in size <24.88> not available
(Font)              Font shape `JY3/gt/m/n' tried instead on input line 122.
LaTeX Font Info:    Font shape `JY3/gt/m/n' will be
(Font)              scaled to size 23.94002pt on input line 122.
\tf@toc=\write4

\openout4 = main.toc
 [1

]
\tf@lof=\write5

\openout5 = main.lof
 [2

]
\tf@lot=\write6

\openout6 = main.lot
 [3

]
Chapter 1.
LaTeX Font Info:    Font shape `T1/ntxtlf/b/n' will be
(Font)              scaled to size 20.74pt on input line 136.
LaTeX Font Info:    Font shape `JT3/mc/b/n' in size <20.74> not available
(Font)              Font shape `JT3/gt/m/n' tried instead on input line 136.
LaTeX Font Info:    Font shape `JT3/gt/m/n' will be
(Font)              scaled to size 19.95642pt on input line 136.
LaTeX Font Info:    Font shape `JY3/mc/b/n' in size <20.74> not available
(Font)              Font shape `JY3/gt/m/n' tried instead on input line 136.
LaTeX Font Info:    Font shape `JY3/gt/m/n' will be
(Font)              scaled to size 19.95642pt on input line 136.
(./sections/jump/1-introduction.tex
LaTeX Font Info:    Font shape `T1/ntxtlf/b/n' will be
(Font)              scaled to size 10.95pt on input line 1.


LaTeX Warning: Citation `knowles2007cost' on page 1 undefined on input line 1.


LaTeX Warning: Citation `myer2004rationale' on page 1 undefined on input line 3.


LaTeX Warning: Citation `alderson2015markerless' on page 1 undefined on input line 3.

)
warning  (pdf backend): ignoring duplicate destination with the name 'page.1'
[1

] (./sections/jump/2-0-SLDJ.tex

LaTeX Warning: Citation `Stalbom2007ReliabilityReport' on page 2 undefined on input line 4.

LaTeX Font Info:    Font shape `T1/ntxtlf/m/n' will be
(Font)              scaled to size 12.0pt on input line 6.
LaTeX Font Info:    Font shape `JT3/mc/m/n' will be
(Font)              scaled to size 11.54663pt on input line 6.
LaTeX Font Info:    Font shape `JY3/mc/m/n' will be
(Font)              scaled to size 11.54663pt on input line 6.
LaTeX Font Info:    Font shape `T1/ntxtlf/b/n' will be
(Font)              scaled to size 12.0pt on input line 6.
LaTeX Font Info:    Font shape `JT3/mc/b/n' in size <12> not available
(Font)              Font shape `JT3/gt/m/n' tried instead on input line 6.
LaTeX Font Info:    Font shape `JT3/gt/m/n' will be
(Font)              scaled to size 11.54663pt on input line 6.
LaTeX Font Info:    Font shape `JY3/mc/b/n' in size <12> not available
(Font)              Font shape `JY3/gt/m/n' tried instead on input line 6.
LaTeX Font Info:    Font shape `JY3/gt/m/n' will be
(Font)              scaled to size 11.54663pt on input line 6.

LaTeX Warning: Citation `Fransz2014HowTask' on page 2 undefined on input line 8.


LaTeX Warning: Citation `Huurnink2019TheStudy' on page 2 undefined on input line 8.


LaTeX Warning: Citation `Fransz2014HowTask' on page 2 undefined on input line 8.


LaTeX Warning: Citation `Fransz2015TimeValues' on page 2 undefined on input line 8.


LaTeX Warning: Citation `WIKSTROM2005DetectionInstability' on page 2 undefined on input line 10.


LaTeX Warning: Citation `Huurnink2019TheStudy' on page 2 undefined on input line 10.


LaTeX Warning: Citation `Russell2006SexJump' on page 2 undefined on input line 14.

) [2

] (./sections/jump/2-1-Subspace.tex [3

]

LaTeX Font Warning: Font shape `TU/ntxtlf/b/n' undefined
(Font)              using `TU/ntxtlf/m/n' instead on input line 9.

LaTeX Font Info:    Trying loading font information for OMS+zplm on input line 9.
(/usr/share/texlive/texmf-dist/tex/latex/psnfss/omszplm.fd
File: omszplm.fd 2002/09/08 Fontinst v1.914 font definitions for OMS/zplm.
)
LaTeX Font Info:    Trying loading font information for TS1+ntxtlf on input line 12.
 (/usr/share/texlive/texmf-dist/tex/latex/newtx/ts1ntxtlf.fd
File: ts1ntxtlf.fd 2015/01/18 v1.0 fd file for TS1/ntxtlf
)
LaTeX Font Info:    Font shape `TS1/ntxtlf/m/n' will be
(Font)              scaled to size 10.95pt on input line 12.


LaTeX Warning: Citation `WATANABE1967EvaluationRecognition' on page 4 undefined on input line 12.


LaTeX Warning: Citation `Iijima1973THEORYMETHOD.' on page 4 undefined on input line 13.

[4]

LaTeX Warning: Citation `sakai2019gait' on page 5 undefined on input line 46.


LaTeX Warning: Citation `chatelin2012' on page 5 undefined on input line 50.

Missing character: There is no  (U+0003) in font [lmroman10-regular]:+tlig;!
Missing character: There is no  (U+0003) in font [lmroman10-regular]:+tlig;!
LaTeX Font Info:    Font shape `T1/ntxtlf/m/n' will be
(Font)              scaled to size 8.0pt on input line 61.
LaTeX Font Info:    Font shape `JT3/mc/m/n' will be
(Font)              scaled to size 7.69775pt on input line 61.
LaTeX Font Info:    Font shape `T1/ntxtlf/m/n' will be
(Font)              scaled to size 6.0pt on input line 61.
LaTeX Font Info:    Font shape `JT3/mc/m/n' will be
(Font)              scaled to size 5.77332pt on input line 61.
[5]

LaTeX Warning: Citation `hamm2008thesis' on page 6 undefined on input line 97.


LaTeX Warning: Citation `fukunaga1990statistical' on page 6 undefined on input line 105.


LaTeX Warning: Citation `scholkopft1999fisher' on page 6 undefined on input line 122.


LaTeX Warning: Citation `baudat2000generalized' on page 6 undefined on input line 122.


LaTeX Warning: Citation `li2001constructing' on page 6 undefined on input line 122.

Missing character: There is no   (U+0000) in font [lmroman10-regular]:+tlig;!
Missing character: There is no   (U+0000) in font [lmroman10-regular]:+tlig;!
Missing character: There is no   (U+0000) in font [lmroman10-regular]:+tlig;!
Missing character: There is no   (U+0000) in font [lmroman10-regular]:+tlig;!
Missing character: There is no   (U+0000) in font [lmroman10-regular]:+tlig;!
Missing character: There is no  (U+0006) in font [lmroman10-regular]:+tlig;!
Missing character: There is no  (U+0006) in font [lmroman10-regular]:+tlig;!
Missing character: There is no  (U+0006) in font [lmroman10-regular]:+tlig;!
Missing character: There is no  (U+0006) in font [lmroman10-regular]:+tlig;!
Missing character: There is no  (U+0006) in font [lmroman10-regular]:+tlig;!
Missing character: There is no  (U+0006) in font [lmroman10-regular]:+tlig;!
[6]) [7] (./sections/jump/3-proposal.tex) [8

] (./sections/jump/4-experiments.tex [9

] (./images/4-experiments/sample_sequence.tex
<images/4-experiments/sample_sequence.png, id=104, 389.20406pt x 217.5628pt>
File: images/4-experiments/sample_sequence.png Graphic file (type png)
<use images/4-experiments/sample_sequence.png>
Package luatex.def Info: images/4-experiments/sample_sequence.png  used on input line 3.
(luatex.def)             Requested size: 389.20311pt x 217.56227pt.
) [10

<./images/4-experiments/sample_sequence.png>]

LaTeX Warning: Citation `Sirinukunwattana2016LocalityImages' on page 11 undefined on input line 41.


LaTeX Warning: Citation `Ciresan2013MitosisNetworks' on page 11 undefined on input line 41.

LaTeX Font Info:    Trying loading font information for T1+ntxtt on input line 46.
(/usr/share/texlive/texmf-dist/tex/latex/newtx/t1ntxtt.fd
File: t1ntxtt.fd 2012/04/20 v3.1
)
LaTeX Font Info:    Font shape `T1/ntxtt/m/n' will be
(Font)              scaled to size 10.95pt on input line 46.


LaTeX Warning: Citation `Fawcett2006AnAnalysis' on page 11 undefined on input line 62.

[11

]) [12

] (./sections/jump/5-discussion.tex) [13

]
Chapter 2.
(./sections/fencing/1-introduction.tex) [14

] (./sections/fencing/2-prior-work.tex

LaTeX Warning: Citation `takahashi2020real' on page 15 undefined on input line 1.


LaTeX Warning: Citation `athowusing' on page 15 undefined on input line 3.


LaTeX Warning: Citation `MALAWSKI20181' on page 15 undefined on input line 5.

) [15

] (./sections/fencing/3-proposal.tex
<images/fencing/original_frame.png, id=152, 1284.8pt x 722.7pt>
File: images/fencing/original_frame.png Graphic file (type png)
<use images/fencing/original_frame.png>
Package luatex.def Info: images/fencing/original_frame.png  used on input line 3.
(luatex.def)             Requested size: 195.12767pt x 109.7567pt.
LaTeX Font Info:    Font shape `T1/ntxtlf/m/n' will be
(Font)              scaled to size 9.0pt on input line 3.
LaTeX Font Info:    Font shape `JT3/mc/m/n' will be
(Font)              scaled to size 8.65997pt on input line 3.
LaTeX Font Info:    Font shape `JY3/mc/m/n' will be
(Font)              scaled to size 8.65997pt on input line 3.
<images/fencing/masked_frame.png, id=153, 642.4pt x 361.35pt>
File: images/fencing/masked_frame.png Graphic file (type png)
<use images/fencing/masked_frame.png>
Package luatex.def Info: images/fencing/masked_frame.png  used on input line 4.
(luatex.def)             Requested size: 195.12767pt x 109.7567pt.
<images/fencing/flow_frame.png, id=154, 642.4pt x 361.35pt>
File: images/fencing/flow_frame.png Graphic file (type png)
<use images/fencing/flow_frame.png>
Package luatex.def Info: images/fencing/flow_frame.png  used on input line 5.
(luatex.def)             Requested size: 195.12767pt x 109.7567pt.
<images/fencing/no-person-frame.png, id=155, 642.4pt x 361.35pt>
File: images/fencing/no-person-frame.png Graphic file (type png)
<use images/fencing/no-person-frame.png>
Package luatex.def Info: images/fencing/no-person-frame.png  used on input line 6.
(luatex.def)             Requested size: 195.12767pt x 109.7567pt.


LaTeX Warning: Citation `SunXLW19' on page 16 undefined on input line 20.


LaTeX Warning: Reference `fig:inpaint' on page 16 undefined on input line 20.

[16

<./images/fencing/original_frame.png><./images/fencing/masked_frame.png><./images/fencing/flow_frame.png><./images/fencing/no-person-frame.png>]

LaTeX Warning: Citation `Gao2020' on page 17 undefined on input line 23.

) [17] (./sections/fencing/4-experiments.tex) [18

] (./sections/fencing/5-discussion.tex [19

]
Package epstopdf Info: Source file: <images/fencing/gmm.eps>
(epstopdf)                    date: 2021-02-01 13:14:59
(epstopdf)                    size: 219322 bytes
(epstopdf)             Output file: <images/fencing/gmm-eps-converted-to.pdf>
(epstopdf)                    date: 2021-02-01 21:49:42
(epstopdf)                    size: 1348359 bytes
(epstopdf)             Command: <repstopdf --outfile=images/fencing/gmm-eps-converted-to.pdf images/fencing/gmm.eps>
(epstopdf)             \includegraphics on input line 9.
Package epstopdf Info: Output file is already uptodate.
<images/fencing/gmm-eps-converted-to.pdf, id=184, 884.94615pt x 508.63023pt>
File: images/fencing/gmm-eps-converted-to.pdf Graphic file (type pdf)
<use images/fencing/gmm-eps-converted-to.pdf>
Package luatex.def Info: images/fencing/gmm-eps-converted-to.pdf  used on input line 9.
(luatex.def)             Requested size: 433.62pt x 249.22322pt.


LaTeX Warning: Reference `fig:gmm_result' on page 20 undefined on input line 15.


LaTeX Warning: Reference `fig:eg_frame' on page 20 undefined on input line 17.

<images/fencing/normal.png, id=185, 93.34875pt x 164.615pt>
File: images/fencing/normal.png Graphic file (type png)
<use images/fencing/normal.png>
Package luatex.def Info: images/fencing/normal.png  used on input line 30.
(luatex.def)             Requested size: 32.26944pt x 56.9055pt.
<images/fencing/attack.png, id=186, 90.3375pt x 142.5325pt>
File: images/fencing/attack.png Graphic file (type png)
<use images/fencing/attack.png>
Package luatex.def Info: images/fencing/attack.png  used on input line 31.
(luatex.def)             Requested size: 36.0668pt x 56.9055pt.
<images/fencing/ng3.png, id=187, 91.34125pt x 145.54375pt>
File: images/fencing/ng3.png Graphic file (type png)
<use images/fencing/ng3.png>
Package luatex.def Info: images/fencing/ng3.png  used on input line 33.
(luatex.def)             Requested size: 35.71213pt x 56.9055pt.
<images/fencing/ng1.png, id=188, 75.28125pt x 165.61874pt>
File: images/fencing/ng1.png Graphic file (type png)
<use images/fencing/ng1.png>
Package luatex.def Info: images/fencing/ng1.png  used on input line 34.
(luatex.def)             Requested size: 25.86522pt x 56.9055pt.

LaTeX Warning: Reference `fig:gmm_result' on page 20 undefined on input line 37.


LaTeX Warning: Reference `fig:gmm_result' on page 20 undefined on input line 37.

[20

<./images/fencing/gmm-eps-converted-to.pdf>] [21<./images/fencing/normal.png><./images/fencing/attack.png><./images/fencing/ng3.png><./images/fencing/ng1.png>]) [22

]
Chapter 3.
(./sections/6-conclusion.tex) [23

] [24


] (./sections/7-appendix.tex) [25] (./sections/8-acknowledgements.tex) [26

] (./main.bbl [27

])
Runaway argument?
{IEEE Transa 
/home/me/github/BS-thesis/main.tex:194: File ended while scanning use of \UL@on.
<inserted text> 
\par 
l.194 
    
I suspect you have forgotten a `}', causing me
to read past where you wanted me to stop.
I'll try to recover; but if the error is serious,
you'd better type `E' or `X' now and fix your file.


/home/me/github/BS-thesis/main.tex:195: LaTeX Error: \begin{thebibliography} on input line 1 ended by \end{document}.

See the LaTeX manual or LaTeX Companion for explanation.
Type  H <return>  for immediate help.
 ...                                              
                                                  
l.195 \end{document}
                  
Your command was ignored.
Type  I <command> <return>  to replace it with another command,
or  <return>  to continue without it.

Package atveryend Info: Empty hook `BeforeClearDocument' on input line 195.
[28]
Package atveryend Info: Empty hook `AfterLastShipout' on input line 195.
 (./main.aux)
Package atveryend Info: Executing hook `AtVeryEndDocument' on input line 195.
Package atveryend Info: Executing hook `AtEndAfterFileList' on input line 195.


Package rerunfilecheck Warning: File `main.out' has changed.
(rerunfilecheck)                Rerun to get outlines right
(rerunfilecheck)                or use package `bookmark'.

Package rerunfilecheck Info: Checksums for `main.out':
(rerunfilecheck)             Before: <no file>
(rerunfilecheck)             After:  2577EFC38A51378A65ACEEBE4CC0B4DF;6527.

LaTeX Font Warning: Some font shapes were not available, defaults substituted.


LaTeX Warning: There were undefined references.


LaTeX Warning: Label(s) may have changed. Rerun to get cross-references right.

)
(\end occurred inside a group at level 3)

### simple group (level 3) entered at line 94 ({)
### simple group (level 2) entered at line 94 ({)
### semi simple group (level 1) entered at line 1 (\begingroup)
### bottom level

Here is how much of LuaTeX's memory you used:
 17622 strings out of 481365
 244488,794899 words of node,token memory allocated
 26997 words of node memory still in use:
   11 hlist, 2 vlist, 5 rule, 5 glue, 522 kern, 3 glyph, 7486 attribute, 1651 glue_spec, 406 attribute_list, 1 shape, 1 write, 14 user_defined nodes
   avail lists: 1:14,2:74743,3:308,4:241,5:569,6:34,7:7111,8:42,9:486,10:20,11:538
 33617 multiletter control sequences out of 65536+600000
 99 fonts using 39587299 bytes
 67i,16n,105p,973b,674s stack positions out of 5000i,500n,10000p,200000b,100000s
{/usr/share/texmf/fonts/enc/dvips/tex-gyre/q-ts1.enc}</usr/share/texmf/fonts/opentype/public/lm/lmroman10-regular.otf>{/usr/share/texlive/texmf-dist/fonts/enc/dvips/newtx/ntx-ec-tlf.enc}</usr/share/fonts/truetype/fonts-japanese-mincho.ttf></usr/share/texlive/texmf-dist/fonts/type1/public/amsfonts/cm/cmex10.pfb></usr/share/texlive/texmf-dist/fonts/type1/public/amsfonts/cm/cmmi10.pfb></usr/share/texlive/texmf-dist/fonts/type1/public/amsfonts/cm/cmmi6.pfb></usr/share/texlive/texmf-dist/fonts/type1/public/amsfonts/cm/cmmi8.pfb></usr/share/texlive/texmf-dist/fonts/type1/public/amsfonts/cm/cmr10.pfb></usr/share/texlive/texmf-dist/fonts/type1/public/amsfonts/cm/cmr8.pfb></usr/share/texlive/texmf-dist/fonts/type1/public/amsfonts/cm/cmsy10.pfb></usr/share/texlive/texmf-dist/fonts/type1/public/amsfonts/cm/cmsy8.pfb></usr/share/texlive/texmf-dist/fonts/type1/public/amsfonts/symbols/msbm10.pfb></usr/share/texmf/fonts/type1/public/tex-gyre/qtmb.pfb></usr/share/texmf/fonts/type1/public/tex-gyre/qtmr.pfb></usr/share/texlive/texmf-dist/fonts/type1/public/txfonts/t1xtt.pfb>
Output written on main.pdf (34 pages, 2533833 bytes).

PDF statistics: 335 PDF objects out of 1000 (max. 8388607)
 252 compressed objects within 3 object streams
 118 named destinations out of 1000 (max. 131072)
 1 words of extra memory for PDF output out of 10000 (max. 100000000)

